GROUP,PACKAGE,CLASS,INSTRUCTION_MISSED,INSTRUCTION_COVERED,BRANCH_MISSED,BRANCH_COVERED,LINE_MISSED,LINE_COVERED,COMPLEXITY_MISSED,COMPLEXITY_COVERED,METHOD_MISSED,METHOD_COVERED
Commons Math,org.apache.commons.math.stat.clustering,KMeansPlusPlusClusterer,45,616,14,78,8,158,12,45,0,10
Commons Math,org.apache.commons.math.stat.clustering,Cluster,0,23,0,0,0,8,0,4,0,4
Commons Math,org.apache.commons.math.stat.clustering,KMeansPlusPlusClusterer.EmptyClusterStrategy,0,44,0,0,0,5,0,1,0,1
Commons Math,org.apache.commons.math.stat.clustering,EuclideanIntegerPoint,74,104,8,12,14,20,7,10,2,5
Commons Math,org.apache.commons.math,MathRuntimeException.new ArrayIndexOutOfBoundsException() {...},23,0,0,0,3,0,3,0,3,0
Commons Math,org.apache.commons.math,MathRuntimeException.new ArithmeticException() {...},23,0,0,0,3,0,3,0,3,0
Commons Math,org.apache.commons.math,MathRuntimeException.new ConcurrentModificationException() {...},14,9,0,0,2,1,2,1,2,1
Commons Math,org.apache.commons.math,MathRuntimeException.new IllegalStateException() {...},14,9,0,0,2,1,2,1,2,1
Commons Math,org.apache.commons.math,MathRuntimeException.new IllegalArgumentException() {...},14,9,0,0,2,1,2,1,2,1
Commons Math,org.apache.commons.math,MathRuntimeException.new EOFException() {...},23,0,0,0,3,0,3,0,3,0
Commons Math,org.apache.commons.math,MathRuntimeException.new RuntimeException() {...},24,0,0,0,3,0,3,0,3,0
Commons Math,org.apache.commons.math,MathRuntimeException.new ParseException() {...},25,0,0,0,3,0,3,0,3,0
Commons Math,org.apache.commons.math,MathRuntimeException.new NoSuchElementException() {...},14,9,0,0,2,1,2,1,2,1
Commons Math,org.apache.commons.math,MathRuntimeException,183,24,8,0,42,4,24,4,20,4
Commons Math,org.apache.commons.math,MathException,47,88,5,3,11,22,10,7,6,7
Commons Math,org.apache.commons.math.analysis.integration,SimpsonIntegrator,34,92,5,7,7,22,5,5,1,3
Commons Math,org.apache.commons.math.analysis.integration,LegendreGaussIntegrator,30,449,1,12,4,68,2,12,1,5
Commons Math,org.apache.commons.math.analysis.integration,UnivariateRealIntegratorImpl,20,111,1,3,5,33,4,10,3,9
Commons Math,org.apache.commons.math.analysis.integration,TrapezoidIntegrator,20,157,4,10,6,33,4,8,1,4
Commons Math,org.apache.commons.math.analysis.integration,RombergIntegrator,20,145,4,8,6,31,4,6,1,3
Commons Math,org.apache.commons.math.geometry.euclidean.threed,PolyhedronsSet.RotationTransform,0,124,0,2,0,23,0,5,0,4
Commons Math,org.apache.commons.math.geometry.euclidean.threed,PolyhedronsSet.TranslationTransform,0,59,0,2,0,15,0,5,0,4
Commons Math,org.apache.commons.math.geometry.euclidean.threed,NotARotationMatrixException,0,5,0,0,0,2,0,1,0,1
Commons Math,org.apache.commons.math.geometry.euclidean.threed,OutlineExtractor.BoundaryProjector,317,0,34,0,62,0,23,0,6,0
Commons Math,org.apache.commons.math.geometry.euclidean.threed,OutlineExtractor,190,0,14,0,34,0,10,0,3,0
Commons Math,org.apache.commons.math.geometry.euclidean.threed,PolyhedronsSet.FacetsContributionVisitor,17,86,4,4,4,22,4,5,0,5
Commons Math,org.apache.commons.math.geometry.euclidean.threed,SubLine,0,141,0,12,0,25,0,12,0,6
Commons Math,org.apache.commons.math.geometry.euclidean.threed,PolyhedronsSet,147,152,27,1,42,15,18,7,4,7
Commons Math,org.apache.commons.math.geometry.euclidean.threed,CardanEulerSingularityException,0,10,0,2,0,2,0,2,0,1
Commons Math,org.apache.commons.math.geometry.euclidean.threed,Vector3DFormat,18,90,1,3,5,18,3,8,2,7
Commons Math,org.apache.commons.math.geometry.euclidean.threed,Line,35,231,4,12,8,36,7,18,3,14
Commons Math,org.apache.commons.math.geometry.euclidean.threed,Euclidean3D,8,0,0,0,4,0,4,0,4,0
Commons Math,org.apache.commons.math.geometry.euclidean.threed,RotationOrder,0,124,0,0,0,22,0,6,0,6
Commons Math,org.apache.commons.math.geometry.euclidean.threed,Rotation,0,3181,6,116,0,385,6,79,0,24
Commons Math,org.apache.commons.math.geometry.euclidean.threed,SubPlane,0,237,2,16,0,48,2,11,0,4
Commons Math,org.apache.commons.math.geometry.euclidean.threed,Plane,82,534,3,19,19,85,7,33,4,25
Commons Math,org.apache.commons.math.geometry.euclidean.threed,Segment,0,21,0,0,0,8,0,4,0,4
Commons Math,org.apache.commons.math.geometry.euclidean.threed,Vector3D,62,928,17,33,10,131,18,54,6,41
Commons Math,org.apache.commons.math.geometry.euclidean.threed,Euclidean3D.LazyHolder,6,0,0,0,1,0,1,0,1,0
Commons Math,org.apache.commons.math.optimization.fitting,HarmonicFitter,0,20,0,0,0,4,0,3,0,3
Commons Math,org.apache.commons.math.optimization.fitting,GaussianFitter.ParameterGuesser,21,332,7,31,5,53,7,20,0,8
Commons Math,org.apache.commons.math.optimization.fitting,WeightedObservedPoint,0,21,0,0,0,8,0,4,0,4
Commons Math,org.apache.commons.math.optimization.fitting,CurveFitter.TheoreticalValuesFunction,0,47,0,2,0,10,0,4,0,3
Commons Math,org.apache.commons.math.optimization.fitting,PolynomialFitter,0,18,0,0,0,4,0,2,0,2
Commons Math,org.apache.commons.math.optimization.fitting,GaussianFitter.new ParametricUnivariateFunction() {...},1,47,0,0,1,11,0,3,0,3
Commons Math,org.apache.commons.math.optimization.fitting,CurveFitter,6,98,0,2,2,23,1,8,1,7
Commons Math,org.apache.commons.math.optimization.fitting,GaussianFitter.ParameterGuesser.new Comparator() {...},44,26,15,5,13,7,10,2,0,2
Commons Math,org.apache.commons.math.optimization.fitting,CurveFitter.TheoreticalValuesFunction.new MultivariateMatrixFunction() {...},0,42,0,2,0,7,0,3,0,2
Commons Math,org.apache.commons.math.optimization.fitting,HarmonicFitter.ParameterGuesser,4,453,2,26,1,89,2,17,0,5
Commons Math,org.apache.commons.math.optimization.fitting,GaussianFitter,0,25,0,0,0,6,0,3,0,3
Commons Math,org.apache.commons.math.stat,Frequency.NaturalComparator,0,4,0,0,0,1,0,1,0,1
Commons Math,org.apache.commons.math.stat,StatUtils,20,343,1,15,3,65,3,36,2,29
Commons Math,org.apache.commons.math.stat,Frequency,32,419,9,35,11,109,8,43,1,28
Commons Math,org.apache.commons.math.optimization.linear,SimplexSolver,0,282,0,38,0,65,0,26,0,7
Commons Math,org.apache.commons.math.optimization.linear,UnboundedSolutionException,0,6,0,0,0,2,0,1,0,1
Commons Math,org.apache.commons.math.optimization.linear,LinearObjectiveFunction,22,73,4,4,4,19,6,8,2,8
Commons Math,org.apache.commons.math.optimization.linear,AbstractLinearOptimizer,13,39,1,1,3,13,3,4,2,4
Commons Math,org.apache.commons.math.optimization.linear,Relationship,3,56,0,3,1,11,1,5,1,3
Commons Math,org.apache.commons.math.optimization.linear,SimplexTableau,49,982,11,113,10,175,14,80,3,29
Commons Math,org.apache.commons.math.optimization.linear,NoFeasibleSolutionException,0,6,0,0,0,2,0,1,0,1
Commons Math,org.apache.commons.math.optimization.linear,LinearConstraint,74,73,7,5,18,21,9,8,3,8
Commons Math,org.apache.commons.math.exception.util,DummyLocalizable,3,12,0,0,1,5,1,3,1,3
Commons Math,org.apache.commons.math.exception.util,ArgUtils,0,55,1,7,0,8,1,4,0,1
Commons Math,org.apache.commons.math.exception.util,LocalizedFormats,4,3387,1,1,2,315,2,3,1,3
Commons Math,org.apache.commons.math.exception.util,ExceptionContext,3,344,0,20,1,79,1,27,1,17
Commons Math,org.apache.commons.math.special,Erf,0,112,0,22,0,18,0,14,0,3
Commons Math,org.apache.commons.math.special,Beta,14,133,1,23,2,19,3,15,2,4
Commons Math,org.apache.commons.math.special,Gamma.new ContinuedFraction() {...},0,27,0,0,0,3,0,3,0,3
Commons Math,org.apache.commons.math.special,Beta.new ContinuedFraction() {...},0,87,0,2,0,8,0,4,0,3
Commons Math,org.apache.commons.math.special,Gamma,15,420,6,46,3,53,6,28,0,8
Commons Math,org.apache.commons.math.stat.inference,TestUtils,26,155,0,0,5,31,5,28,5,28
Commons Math,org.apache.commons.math.stat.inference,MannWhitneyUTestImpl,10,186,0,10,3,35,1,11,1,6
Commons Math,org.apache.commons.math.stat.inference,OneWayAnovaImpl.AnovaStats,0,12,0,0,0,5,0,1,0,1
Commons Math,org.apache.commons.math.stat.inference,ChiSquareTestImpl,38,760,8,74,5,126,8,48,0,15
Commons Math,org.apache.commons.math.stat.inference,WilcoxonSignedRankTestImpl,25,281,3,31,6,56,4,22,1,8
Commons Math,org.apache.commons.math.stat.inference,TTestImpl,23,583,1,23,5,97,2,41,1,30
Commons Math,org.apache.commons.math.stat.inference,OneWayAnovaImpl,20,216,2,14,2,46,2,11,0,5
Commons Math,org.apache.commons.math.filter,KalmanFilter,85,302,10,24,21,69,14,15,4,8
Commons Math,org.apache.commons.math.filter,DefaultMeasurementModel,11,15,0,0,2,6,1,3,1,3
Commons Math,org.apache.commons.math.filter,DefaultProcessModel,40,33,0,0,4,12,2,6,2,6
Commons Math,org.apache.commons.math.genetics,OnePointCrossover,10,97,3,7,2,19,3,5,0,3
Commons Math,org.apache.commons.math.genetics,Chromosome,2,56,1,7,1,15,2,8,1,5
Commons Math,org.apache.commons.math.genetics,InvalidRepresentationException,0,5,0,0,0,2,0,1,0,1
Commons Math,org.apache.commons.math.genetics,RandomKeyMutation,13,33,1,1,2,8,1,2,0,2
Commons Math,org.apache.commons.math.genetics,TournamentSelection.new ListPopulation() {...},2,7,0,0,1,1,1,1,1,1
Commons Math,org.apache.commons.math.genetics,ListPopulation,37,75,3,7,9,23,6,10,3,8
Commons Math,org.apache.commons.math.genetics,BinaryMutation,5,41,1,3,1,8,1,3,0,2
Commons Math,org.apache.commons.math.genetics,GeneticAlgorithm,13,149,6,12,4,39,7,14,1,11
Commons Math,org.apache.commons.math.genetics,RandomKey,57,301,3,29,4,63,4,24,1,11
Commons Math,org.apache.commons.math.genetics,ElitisticListPopulation,17,64,4,2,4,15,3,5,1,4
Commons Math,org.apache.commons.math.genetics,ChromosomePair,15,15,0,0,1,6,1,3,1,3
Commons Math,org.apache.commons.math.genetics,TournamentSelection,12,62,1,3,4,14,3,4,2,3
Commons Math,org.apache.commons.math.genetics,AbstractListChromosome,16,25,0,0,1,8,1,4,1,4
Commons Math,org.apache.commons.math.genetics,BinaryChromosome,2,96,1,15,1,22,1,12,0,5
Commons Math,org.apache.commons.math.genetics,FixedGenerationCount,8,26,1,3,2,9,2,3,1,2
Commons Math,org.apache.commons.math.optimization.general,NonLinearConjugateGradientOptimizer,31,335,7,27,8,66,8,16,2,5
Commons Math,org.apache.commons.math.optimization.general,ConjugateGradientFormula,0,24,0,0,0,3,0,1,0,1
Commons Math,org.apache.commons.math.optimization.general,NonLinearConjugateGradientOptimizer.IdentityPreconditioner,0,7,0,0,0,2,0,2,0,2
Commons Math,org.apache.commons.math.optimization.general,GaussNewtonOptimizer,4,216,1,17,2,48,2,12,1,4
Commons Math,org.apache.commons.math.optimization.general,NonLinearConjugateGradientOptimizer.LineSearchFunction,0,63,0,4,0,11,0,4,0,2
Commons Math,org.apache.commons.math.optimization.general,AbstractScalarDifferentiableOptimizer,3,20,0,0,1,5,1,3,1,3
Commons Math,org.apache.commons.math.optimization.general,LevenbergMarquardtOptimizer,66,2054,20,182,10,347,17,94,0,10
Commons Math,org.apache.commons.math.optimization.general,AbstractLeastSquaresOptimizer,9,343,1,19,1,60,1,20,0,11
Commons Math,org.apache.commons.math.stat.regression,AbstractMultipleLinearRegression,67,407,6,46,9,77,7,37,1,17
Commons Math,org.apache.commons.math.stat.regression,ModelSpecificationException,0,5,0,0,0,2,0,1,0,1
Commons Math,org.apache.commons.math.stat.regression,RegressionResults,140,317,28,30,34,55,28,18,4,13
Commons Math,org.apache.commons.math.stat.regression,GLSMultipleLinearRegression,21,95,0,2,3,21,1,7,1,6
Commons Math,org.apache.commons.math.stat.regression,SimpleRegression,513,891,62,54,65,138,45,44,4,27
Commons Math,org.apache.commons.math.stat.regression,OLSMultipleLinearRegression,0,212,0,12,0,39,0,17,0,11
Commons Math,org.apache.commons.math.stat.regression,MillerUpdatingRegression,586,2528,66,208,102,429,57,104,2,22
Commons Math,org.apache.commons.math.exception,MathArithmeticException,7,33,0,0,2,9,2,3,2,3
Commons Math,org.apache.commons.math.exception,NoBracketingException,12,52,0,0,4,8,4,2,4,2
Commons Math,org.apache.commons.math.exception,MathIllegalArgumentException,8,17,0,0,2,5,2,2,2,2
Commons Math,org.apache.commons.math.exception,MathInternalError,29,0,0,0,7,0,3,0,3,0
Commons Math,org.apache.commons.math.exception,MathUnsupportedOperationException,11,20,0,0,3,6,3,2,3,2
Commons Math,org.apache.commons.math.exception,NotFiniteNumberException,0,12,0,0,0,4,0,2,0,2
Commons Math,org.apache.commons.math.exception,MathIllegalNumberException,0,20,0,0,0,4,0,2,0,2
Commons Math,org.apache.commons.math.exception,NonMonotonicSequenceException,0,68,0,6,0,19,0,9,0,6
Commons Math,org.apache.commons.math.exception,DimensionMismatchException,0,25,0,0,0,6,0,3,0,3
Commons Math,org.apache.commons.math.exception,NumberIsTooLargeException,0,34,0,2,0,10,0,5,0,4
Commons Math,org.apache.commons.math.exception,MathParseException,18,23,0,0,4,4,1,1,1,1
Commons Math,org.apache.commons.math.exception,ZeroException,6,7,0,0,2,2,1,1,1,1
Commons Math,org.apache.commons.math.exception,MultiDimensionMismatchException,10,42,0,0,2,8,2,4,2,4
Commons Math,org.apache.commons.math.exception,MathIllegalStateException,15,31,0,0,4,9,1,5,1,5
Commons Math,org.apache.commons.math.exception,MaxCountExceededException,0,30,0,0,0,7,0,3,0,3
Commons Math,org.apache.commons.math.exception,ConvergenceException,0,14,0,0,0,5,0,2,0,2
Commons Math,org.apache.commons.math.exception,NotPositiveException,0,15,0,0,0,4,0,2,0,2
Commons Math,org.apache.commons.math.exception,NotStrictlyPositiveException,0,15,0,0,0,4,0,2,0,2
Commons Math,org.apache.commons.math.exception,TooManyEvaluationsException,0,10,0,0,0,3,0,1,0,1
Commons Math,org.apache.commons.math.exception,NullArgumentException,0,11,0,0,0,4,0,2,0,2
Commons Math,org.apache.commons.math.exception,OutOfRangeException,0,34,0,0,0,8,0,4,0,4
Commons Math,org.apache.commons.math.exception,NumberIsTooSmallException,0,34,0,2,0,10,0,5,0,4
Commons Math,org.apache.commons.math.exception,NoDataException,0,10,0,0,0,4,0,2,0,2
Commons Math,org.apache.commons.math.ode.sampling,StepNormalizer,19,268,1,33,5,60,3,23,2,7
Commons Math,org.apache.commons.math.ode.sampling,AbstractStepInterpolator,95,630,9,25,14,167,11,32,2,24
Commons Math,org.apache.commons.math.ode.sampling,DummyStepHandler.LazyHolder,6,0,0,0,1,0,1,0,1,0
Commons Math,org.apache.commons.math.ode.sampling,DummyStepHandler,6,0,0,0,4,0,4,0,4,0
Commons Math,org.apache.commons.math.ode.sampling,StepNormalizerBounds,0,69,0,0,0,11,0,4,0,4
Commons Math,org.apache.commons.math.ode.sampling,NordsieckStepInterpolator,27,387,11,27,7,80,12,17,1,9
Commons Math,org.apache.commons.math.ode.sampling,StepNormalizerMode,0,24,0,0,0,3,0,1,0,1
Commons Math,org.apache.commons.math.analysis.polynomials,PolynomialFunctionNewtonForm,37,209,3,13,7,36,5,12,2,7
Commons Math,org.apache.commons.math.analysis.polynomials,PolynomialSplineFunction,4,202,2,16,1,34,2,14,0,7
Commons Math,org.apache.commons.math.analysis.polynomials,PolynomialFunctionLagrangeForm,82,450,3,31,15,73,5,22,3,7
Commons Math,org.apache.commons.math.analysis.polynomials,PolynomialFunction,83,463,13,45,17,84,13,32,2,14
Commons Math,org.apache.commons.math.analysis.polynomials,PolynomialFunction.Parametric,0,31,0,2,0,8,0,4,0,3
Commons Math,org.apache.commons.math.analysis.polynomials,PolynomialsUtils.new PolynomialsUtils.RecurrenceCoefficientsGenerator() {...},0,23,0,0,0,2,0,2,0,2
Commons Math,org.apache.commons.math.analysis.polynomials,PolynomialsUtils.new PolynomialsUtils.RecurrenceCoefficientsGenerator() {...},0,22,0,0,0,3,0,2,0,2
Commons Math,org.apache.commons.math.analysis.polynomials,PolynomialsUtils.new PolynomialsUtils.RecurrenceCoefficientsGenerator() {...},0,32,0,0,0,3,0,2,0,2
Commons Math,org.apache.commons.math.analysis.polynomials,PolynomialsUtils.new PolynomialsUtils.RecurrenceCoefficientsGenerator() {...},0,38,0,0,0,3,0,2,0,2
Commons Math,org.apache.commons.math.analysis.polynomials,PolynomialsUtils.new PolynomialsUtils.RecurrenceCoefficientsGenerator() {...},0,97,0,0,0,8,0,2,0,2
Commons Math,org.apache.commons.math.analysis.polynomials,PolynomialsUtils,0,444,0,20,0,72,0,19,0,9
Commons Math,org.apache.commons.math.analysis.polynomials,PolynomialsUtils.JacobiKey,3,38,4,4,1,8,4,3,0,3
Commons Math,org.apache.commons.math.geometry.partitioning.utilities,OrderedTuple,101,462,24,64,25,96,22,34,3,9
Commons Math,org.apache.commons.math.geometry.partitioning.utilities,AVLTree.Node,0,737,2,108,0,196,2,72,0,15
Commons Math,org.apache.commons.math.geometry.partitioning.utilities,AVLTree.Skew,0,34,0,0,0,4,0,1,0,1
Commons Math,org.apache.commons.math.geometry.partitioning.utilities,AVLTree,14,143,7,29,3,39,7,20,0,9
Commons Math,org.apache.commons.math.util,FastMathCalc,1923,0,62,0,275,0,48,0,17,0
Commons Math,org.apache.commons.math.util,OpenIntToDoubleHashMap.Iterator,16,97,4,12,4,24,4,9,0,5
Commons Math,org.apache.commons.math.util,MultidimensionalCounter,30,229,2,22,4,45,2,18,1,7
Commons Math,org.apache.commons.math.util,FastMath.ExpIntTable,72,9,6,2,16,5,4,1,0,1
Commons Math,org.apache.commons.math.util,TransformerMap,36,134,8,12,10,31,8,14,1,11
Commons Math,org.apache.commons.math.util,FastMathLiteralArrays,0,33538,0,0,0,10,0,6,0,6
Commons Math,org.apache.commons.math.util,MultidimensionalCounter.Iterator,11,95,1,7,3,16,4,7,3,4
Commons Math,org.apache.commons.math.util,MathArrays.OrderDirection,0,24,0,0,0,3,0,1,0,1
Commons Math,org.apache.commons.math.util,OpenIntToFieldHashMap,12,694,0,68,5,155,2,57,2,23
Commons Math,org.apache.commons.math.util,OpenIntToFieldHashMap.Iterator,21,98,4,12,5,23,4,9,0,5
Commons Math,org.apache.commons.math.util,ArithmeticUtils,0,1363,6,212,0,266,6,129,0,26
Commons Math,org.apache.commons.math.util,ResizableDoubleArray,19,1081,8,76,3,217,8,73,0,39
Commons Math,org.apache.commons.math.util,MathArrays,287,1488,56,124,59,273,33,85,3,24
Commons Math,org.apache.commons.math.util,Pair,31,55,7,13,7,15,7,9,2,4
Commons Math,org.apache.commons.math.util,DefaultTransformer,4,48,1,7,2,13,2,6,1,3
Commons Math,org.apache.commons.math.util,OpenIntToDoubleHashMap,0,682,0,68,0,157,0,58,0,24
Commons Math,org.apache.commons.math.util,FastMath.lnMant,28,7,4,2,5,4,3,1,0,1
Commons Math,org.apache.commons.math.util,CompositeFormat,0,214,1,27,0,56,1,21,0,8
Commons Math,org.apache.commons.math.util,Incrementor,5,67,0,6,1,21,0,13,0,10
Commons Math,org.apache.commons.math.util,BigReal,13,384,0,4,6,72,4,33,4,31
Commons Math,org.apache.commons.math.util,FastMath,184,8040,52,736,33,1426,44,424,1,70
Commons Math,org.apache.commons.math.util,IterationEvent,0,4,0,0,0,2,0,1,0,1
Commons Math,org.apache.commons.math.util,IterationManager,10,99,0,8,3,28,2,13,2,9
Commons Math,org.apache.commons.math.util,Precision,49,480,20,79,3,95,15,58,3,17
Commons Math,org.apache.commons.math.util,BigRealField.LazyHolder,0,6,0,0,0,1,0,1,0,1
Commons Math,org.apache.commons.math.util,MathUtils,40,175,22,40,4,35,16,27,0,12
Commons Math,org.apache.commons.math.util,MathArrays.new Comparator() {...},13,23,2,1,3,5,2,2,0,2
Commons Math,org.apache.commons.math.util,ContinuedFraction,83,178,11,19,12,46,13,7,2,3
Commons Math,org.apache.commons.math.util,BigRealField,2,8,0,0,1,4,1,4,1,4
Commons Math,org.apache.commons.math.util,FastMathResources,442,0,28,0,93,0,26,0,12,0
Commons Math,org.apache.commons.math.util,Incrementor.new Incrementor.MaxCountExceededCallback() {...},0,9,0,0,0,2,0,2,0,2
Commons Math,org.apache.commons.math.util,FastMath.ExpFracTable,50,9,4,2,12,5,3,1,0,1
Commons Math,org.apache.commons.math.distribution,BetaDistribution,46,167,8,14,11,40,10,19,4,14
Commons Math,org.apache.commons.math.distribution,CauchyDistribution,67,119,8,10,21,24,13,14,9,9
Commons Math,org.apache.commons.math.distribution,HypergeometricDistribution,23,360,2,22,5,65,4,26,2,16
Commons Math,org.apache.commons.math.distribution,BinomialDistribution,22,118,3,15,5,28,5,16,2,10
Commons Math,org.apache.commons.math.distribution,WeibullDistribution,31,185,2,14,10,39,10,15,8,9
Commons Math,org.apache.commons.math.distribution,PoissonDistribution,18,124,1,11,7,30,6,16,5,11
Commons Math,org.apache.commons.math.distribution,SaddlePointExpansion,16,368,1,15,1,41,1,11,0,4
Commons Math,org.apache.commons.math.distribution,KolmogorovSmirnovDistribution,106,377,12,36,16,59,13,18,3,4
Commons Math,org.apache.commons.math.distribution,GammaDistribution,8,167,0,16,4,39,4,21,4,13
Commons Math,org.apache.commons.math.distribution,AbstractContinuousDistribution,27,107,4,8,7,26,5,8,2,5
Commons Math,org.apache.commons.math.distribution,ZipfDistribution,5,164,0,14,2,37,2,17,2,10
Commons Math,org.apache.commons.math.distribution,AbstractIntegerDistribution,49,181,6,22,13,44,8,18,3,9
Commons Math,org.apache.commons.math.distribution,TDistribution,8,166,1,17,4,44,5,20,4,12
Commons Math,org.apache.commons.math.distribution,AbstractDistribution,2,63,1,5,1,18,2,6,1,4
Commons Math,org.apache.commons.math.distribution,PascalDistribution,23,135,3,11,6,33,6,14,3,10
Commons Math,org.apache.commons.math.distribution,FDistribution,8,228,0,16,4,52,4,21,4,13
Commons Math,org.apache.commons.math.distribution,ExponentialDistribution,34,114,4,12,12,26,10,15,8,9
Commons Math,org.apache.commons.math.distribution,NormalDistribution,13,224,0,20,6,51,5,26,5,16
Commons Math,org.apache.commons.math.distribution,ChiSquaredDistribution,8,96,0,8,4,26,4,16,4,12
Commons Math,org.apache.commons.math.distribution,AbstractContinuousDistribution.new UnivariateFunction() {...},0,17,0,0,0,2,0,2,0,2
Commons Math,org.apache.commons.math.geometry,VectorFormat,37,150,1,15,13,38,8,12,7,5
Commons Math,org.apache.commons.math.dfp,DfpField.RoundingMode,0,84,0,0,0,9,0,1,0,1
Commons Math,org.apache.commons.math.dfp,BracketingNthOrderBrentSolverDFP,66,543,7,59,13,116,9,36,3,7
Commons Math,org.apache.commons.math.dfp,DfpMath,180,1693,40,154,34,342,29,88,1,19
Commons Math,org.apache.commons.math.dfp,DfpField,48,741,8,38,13,154,20,43,12,28
Commons Math,org.apache.commons.math.dfp,DfpDec,125,563,12,100,25,109,22,56,10,9
Commons Math,org.apache.commons.math.dfp,Dfp,398,4745,88,650,96,930,88,357,5,64
Commons Math,org.apache.commons.math.transform,FastSineTransformer,68,202,2,6,13,32,5,9,3,7
Commons Math,org.apache.commons.math.transform,FastHadamardTransformer,33,203,1,15,6,38,3,13,2,6
Commons Math,org.apache.commons.math.transform,FastFourierTransformer.RootsOfUnity,66,177,8,16,8,35,8,9,0,5
Commons Math,org.apache.commons.math.transform,FastFourierTransformer,105,865,3,61,18,136,8,48,5,19
Commons Math,org.apache.commons.math.transform,FastCosineTransformer,72,256,1,7,10,36,4,10,3,7
Commons Math,org.apache.commons.math.transform,FastFourierTransformer.MultiDimensionalComplexMatrix,82,258,8,22,12,53,6,16,0,7
Commons Math,org.apache.commons.math.ode.nonstiff,HighamHall54StepInterpolator,0,449,1,7,0,41,1,7,0,4
Commons Math,org.apache.commons.math.ode.nonstiff,ClassicalRungeKuttaIntegrator,0,88,0,0,0,5,0,2,0,2
Commons Math,org.apache.commons.math.ode.nonstiff,DormandPrince853StepInterpolator,8,1573,5,43,0,115,5,29,0,10
Commons Math,org.apache.commons.math.ode.nonstiff,DormandPrince54StepInterpolator,0,454,1,15,0,62,1,13,0,6
Commons Math,org.apache.commons.math.ode.nonstiff,AdaptiveStepsizeIntegrator,14,398,6,40,2,84,5,30,0,12
Commons Math,org.apache.commons.math.ode.nonstiff,ThreeEighthesStepInterpolator,0,308,1,7,0,38,1,7,0,4
Commons Math,org.apache.commons.math.ode.nonstiff,EulerStepInterpolator,0,100,1,7,0,13,1,7,0,4
Commons Math,org.apache.commons.math.ode.nonstiff,RungeKuttaIntegrator,0,347,0,28,0,56,0,16,0,2
Commons Math,org.apache.commons.math.ode.nonstiff,AdamsIntegrator,0,48,0,0,0,10,0,5,0,5
Commons Math,org.apache.commons.math.ode.nonstiff,GraggBulirschStoerStepInterpolator,58,839,15,43,9,127,14,25,0,10
Commons Math,org.apache.commons.math.ode.nonstiff,MidpointIntegrator,0,42,0,0,0,5,0,2,0,2
Commons Math,org.apache.commons.math.ode.nonstiff,MidpointStepInterpolator,0,150,1,7,0,24,1,7,0,4
Commons Math,org.apache.commons.math.ode.nonstiff,GillStepInterpolator,0,307,1,7,0,43,1,8,0,5
Commons Math,org.apache.commons.math.ode.nonstiff,DormandPrince54Integrator,0,318,0,4,0,18,0,7,0,5
Commons Math,org.apache.commons.math.ode.nonstiff,ClassicalRungeKuttaStepInterpolator,0,269,1,7,0,35,1,7,0,4
Commons Math,org.apache.commons.math.ode.nonstiff,DormandPrince853Integrator,0,895,0,6,0,45,0,8,0,5
Commons Math,org.apache.commons.math.ode.nonstiff,EmbeddedRungeKuttaIntegrator,0,595,0,48,0,107,0,33,0,9
Commons Math,org.apache.commons.math.ode.nonstiff,GraggBulirschStoerIntegrator,87,1925,45,189,16,298,36,95,0,13
Commons Math,org.apache.commons.math.ode.nonstiff,GillIntegrator,0,117,0,0,0,8,0,2,0,2
Commons Math,org.apache.commons.math.ode.nonstiff,AdamsMoultonIntegrator.Corrector,13,132,2,6,0,23,2,6,0,4
Commons Math,org.apache.commons.math.ode.nonstiff,AdamsNordsieckTransformer,4,405,0,20,1,68,1,17,1,7
Commons Math,org.apache.commons.math.ode.nonstiff,RungeKuttaStepInterpolator,17,221,7,23,2,49,7,14,0,6
Commons Math,org.apache.commons.math.ode.nonstiff,HighamHall54Integrator,0,331,0,6,0,21,0,8,0,5
Commons Math,org.apache.commons.math.ode.nonstiff,AdamsBashforthIntegrator,27,361,2,30,2,72,2,17,0,3
Commons Math,org.apache.commons.math.ode.nonstiff,AdamsMoultonIntegrator,16,366,1,29,2,72,1,17,0,3
Commons Math,org.apache.commons.math.ode.nonstiff,EulerIntegrator,0,25,0,0,0,5,0,2,0,2
Commons Math,org.apache.commons.math.ode.nonstiff,ThreeEighthesIntegrator,0,88,0,0,0,5,0,2,0,2
Commons Math,org.apache.commons.math.ode,ContinuousOutputModel,4,529,3,45,1,109,3,31,0,10
Commons Math,org.apache.commons.math.ode,MultistepIntegrator.InitializationCompletedMarkerException,0,5,0,0,0,2,0,1,0,1
Commons Math,org.apache.commons.math.ode,JacobianMatrices,59,358,9,25,9,69,9,19,0,11
Commons Math,org.apache.commons.math.ode,MultistepIntegrator.CountingDifferentialEquations,0,19,0,0,0,6,0,3,0,3
Commons Math,org.apache.commons.math.ode,EquationsMapper,16,43,2,2,2,12,2,5,0,5
Commons Math,org.apache.commons.math.ode,ParameterConfiguration,0,19,0,0,0,8,0,4,0,4
Commons Math,org.apache.commons.math.ode,ExpandableStatefulODE.SecondaryComponent,0,24,0,0,0,7,0,1,0,1
Commons Math,org.apache.commons.math.ode,AbstractIntegrator,12,527,2,48,4,123,4,43,2,20
Commons Math,org.apache.commons.math.ode,JacobianMatrices.JacobiansSecondaryEquations,11,248,5,19,1,40,5,10,0,3
Commons Math,org.apache.commons.math.ode,AbstractParameterizable,29,52,2,6,7,11,4,5,2,3
Commons Math,org.apache.commons.math.ode,MultistepIntegrator,44,129,1,1,9,30,6,7,5,7
Commons Math,org.apache.commons.math.ode,ParameterJacobianWrapper,4,107,1,5,1,20,2,5,1,3
Commons Math,org.apache.commons.math.ode,FirstOrderConverter,0,75,0,0,0,14,0,3,0,3
Commons Math,org.apache.commons.math.ode,ParameterizedWrapper,41,0,2,0,12,0,8,0,7,0
Commons Math,org.apache.commons.math.ode,JacobianMatrices.MainStateJacobianWrapper,0,85,0,4,0,17,0,6,0,4
Commons Math,org.apache.commons.math.ode,ExpandableStatefulODE,57,289,4,14,7,58,6,20,2,15
Commons Math,org.apache.commons.math.ode,MultistepIntegrator.NordsieckInitializer,0,204,0,6,0,28,0,6,0,3
Commons Math,org.apache.commons.math.ode,AbstractIntegrator.new Comparator() {...},0,18,0,0,0,2,0,2,0,2
Commons Math,org.apache.commons.math.optimization.direct,BaseAbstractScalarOptimizer,12,79,3,3,3,25,3,9,0,9
Commons Math,org.apache.commons.math.optimization.direct,PowellOptimizer.LineSearch,0,50,0,0,0,10,0,2,0,2
Commons Math,org.apache.commons.math.optimization.direct,MultivariateFunctionMappingAdapter.NoBoundsMapper,0,7,0,0,0,4,0,3,0,3
Commons Math,org.apache.commons.math.optimization.direct,MultivariateFunctionMappingAdapter.LowerBoundMapper,0,18,0,0,0,5,0,3,0,3
Commons Math,org.apache.commons.math.optimization.direct,CMAESOptimizer.DoubleIndex,36,15,6,0,7,5,5,2,2,2
Commons Math,org.apache.commons.math.optimization.direct,SimplexOptimizer,4,107,1,9,1,27,1,9,0,5
Commons Math,org.apache.commons.math.optimization.direct,PathIsExploredException,4,0,0,0,2,0,1,0,1,0
Commons Math,org.apache.commons.math.optimization.direct,CMAESOptimizer.FitnessFunction,46,223,13,19,10,40,10,14,1,7
Commons Math,org.apache.commons.math.optimization.direct,BaseAbstractSimpleBoundsScalarOptimizer,29,137,2,22,5,29,4,14,2,4
Commons Math,org.apache.commons.math.optimization.direct,PowellOptimizer.LineSearch.new UnivariateFunction() {...},0,49,0,2,0,6,0,3,0,2
Commons Math,org.apache.commons.math.optimization.direct,MultiDirectionalSimplex,7,173,0,8,2,42,1,13,1,9
Commons Math,org.apache.commons.math.optimization.direct,CMAESOptimizer,359,2504,49,189,59,382,51,110,9,33
Commons Math,org.apache.commons.math.optimization.direct,BOBYQAOptimizer,953,5970,105,519,165,1030,91,243,2,12
Commons Math,org.apache.commons.math.optimization.direct,MultivariateFunctionMappingAdapter.UpperBoundMapper,0,20,0,0,0,5,0,3,0,3
Commons Math,org.apache.commons.math.optimization.direct,MultivariateFunctionPenaltyAdapter,29,159,3,17,3,26,3,9,0,2
Commons Math,org.apache.commons.math.optimization.direct,SimplexOptimizer.new MultivariateFunction() {...},0,11,0,0,0,2,0,2,0,2
Commons Math,org.apache.commons.math.optimization.direct,SimplexOptimizer.new Comparator() {...},0,26,0,2,0,4,0,3,0,2
Commons Math,org.apache.commons.math.optimization.direct,PowellOptimizer,97,301,6,26,17,69,5,16,0,5
Commons Math,org.apache.commons.math.optimization.direct,NelderMeadSimplex,10,408,1,31,3,82,2,23,1,8
Commons Math,org.apache.commons.math.optimization.direct,AbstractSimplex,98,377,13,41,14,75,14,27,1,13
Commons Math,org.apache.commons.math.optimization.direct,BaseAbstractVectorialOptimizer,25,95,4,6,6,28,6,9,2,8
Commons Math,org.apache.commons.math.optimization.direct,MultivariateFunctionMappingAdapter.LowerUpperBoundMapper,0,27,0,0,0,6,0,3,0,3
Commons Math,org.apache.commons.math.optimization.direct,MultivariateFunctionMappingAdapter,21,164,2,16,2,26,2,11,0,4
Commons Math,org.apache.commons.math.random,Well512a,15,117,0,0,4,17,2,3,2,3
Commons Math,org.apache.commons.math.random,GaussianRandomGenerator,0,10,0,0,0,4,0,2,0,2
Commons Math,org.apache.commons.math.random,UniformRandomGenerator,0,20,0,0,0,5,0,3,0,3
Commons Math,org.apache.commons.math.random,ISAACRandom,98,966,4,16,17,112,7,17,4,10
Commons Math,org.apache.commons.math.random,RandomAdaptor,22,53,4,2,7,16,5,12,3,11
Commons Math,org.apache.commons.math.random,AbstractWell,25,214,1,7,6,32,3,8,2,5
Commons Math,org.apache.commons.math.random,BitsStreamGenerator,0,223,0,14,0,46,0,16,0,9
Commons Math,org.apache.commons.math.random,Well1024a,7,130,0,0,2,20,1,4,1,4
Commons Math,org.apache.commons.math.random,EmpiricalDistributionImpl,72,424,3,17,20,86,6,23,3,16
Commons Math,org.apache.commons.math.random,UnitSphereRandomVectorGenerator,0,74,0,6,0,17,0,6,0,3
Commons Math,org.apache.commons.math.random,EmpiricalDistributionImpl.StreamDataAdapter,0,79,0,4,0,23,0,5,0,3
Commons Math,org.apache.commons.math.random,UncorrelatedRandomVectorGenerator,8,70,1,3,1,16,1,4,0,3
Commons Math,org.apache.commons.math.random,EmpiricalDistributionImpl.DataAdapterFactory,23,32,1,3,3,7,1,3,0,2
Commons Math,org.apache.commons.math.random,AbstractRandomGenerator,35,169,5,17,7,40,5,17,1,10
Commons Math,org.apache.commons.math.random,Well19937c,7,173,0,0,2,24,1,4,1,4
Commons Math,org.apache.commons.math.random,Well19937a,15,149,0,0,4,20,2,3,2,3
Commons Math,org.apache.commons.math.random,StableRandomGenerator,80,170,5,19,9,31,4,10,0,2
Commons Math,org.apache.commons.math.random,RandomDataImpl,39,1329,7,111,13,268,8,88,1,36
Commons Math,org.apache.commons.math.random,Well44497b,15,177,0,2,4,24,2,4,2,3
Commons Math,org.apache.commons.math.random,Well44497a,15,161,0,2,4,22,2,4,2,3
Commons Math,org.apache.commons.math.random,CorrelatedRandomVectorGenerator,50,103,3,7,12,19,4,7,2,4
Commons Math,org.apache.commons.math.random,EmpiricalDistributionImpl.ArrayDataAdapter,0,67,0,4,0,14,0,5,0,3
Commons Math,org.apache.commons.math.random,MersenneTwister,8,482,1,27,2,72,1,22,0,9
Commons Math,org.apache.commons.math.random,EmpiricalDistributionImpl.DataAdapter,0,6,0,0,0,1,0,1,0,1
Commons Math,org.apache.commons.math.random,ValueServer,32,324,2,23,7,75,3,37,1,24
Commons Math,org.apache.commons.math.random,JDKRandomGenerator,31,8,2,0,6,3,2,2,1,2
Commons Math,org.apache.commons.math.optimization.univariate,BrentOptimizer,27,416,6,58,6,107,5,31,0,4
Commons Math,org.apache.commons.math.optimization.univariate,MultiStartUnivariateRealOptimizer.new Comparator() {...},6,33,3,5,1,8,3,3,0,2
Commons Math,org.apache.commons.math.optimization.univariate,MultiStartUnivariateRealOptimizer,24,134,4,10,5,28,6,9,2,6
Commons Math,org.apache.commons.math.optimization.univariate,UnivariateRealPointValuePair,0,15,0,0,0,6,0,3,0,3
Commons Math,org.apache.commons.math.optimization.univariate,AbstractUnivariateRealOptimizer,8,94,2,2,2,27,2,11,0,11
Commons Math,org.apache.commons.math.optimization.univariate,BracketFinder,80,324,16,30,17,76,17,18,5,7
Commons Math,org.apache.commons.math.geometry.partitioning,RegionFactory.DifferenceMerger,1,37,1,5,0,9,1,4,0,2
Commons Math,org.apache.commons.math.geometry.partitioning,RegionFactory.UnionMerger,0,23,0,2,0,6,0,3,0,2
Commons Math,org.apache.commons.math.geometry.partitioning,AbstractRegion,103,741,27,113,19,170,23,76,1,24
Commons Math,org.apache.commons.math.geometry.partitioning,Region.Location,0,34,0,0,0,4,0,1,0,1
Commons Math,org.apache.commons.math.geometry.partitioning,RegionFactory.XorMerger,0,24,0,2,0,6,0,3,0,2
Commons Math,org.apache.commons.math.geometry.partitioning,AbstractRegion.new Comparator() {...},0,25,0,4,0,4,0,4,0,2
Commons Math,org.apache.commons.math.geometry.partitioning,AbstractRegion.new BSPTreeVisitor() {...},0,20,0,2,0,6,0,5,0,4
Commons Math,org.apache.commons.math.geometry.partitioning,BoundarySizeVisitor,0,39,0,4,0,13,0,7,0,5
Commons Math,org.apache.commons.math.geometry.partitioning,BoundaryAttribute,0,15,0,0,0,6,0,3,0,3
Commons Math,org.apache.commons.math.geometry.partitioning,Characterization,0,67,2,12,0,16,2,11,0,6
Commons Math,org.apache.commons.math.geometry.partitioning,BSPTreeVisitor.Order,0,64,0,0,0,7,0,1,0,1
Commons Math,org.apache.commons.math.geometry.partitioning,RegionFactory,26,191,8,10,4,38,6,11,0,8
Commons Math,org.apache.commons.math.geometry.partitioning,RegionFactory.IntersectionMerger,0,23,0,2,0,6,0,3,0,2
Commons Math,org.apache.commons.math.geometry.partitioning,AbstractSubHyperplane,9,130,2,6,0,29,2,11,0,9
Commons Math,org.apache.commons.math.geometry.partitioning,RegionFactory.NodesCleaner,0,13,0,0,0,5,0,4,0,4
Commons Math,org.apache.commons.math.geometry.partitioning,SubHyperplane.SplitSubHyperplane,0,15,0,0,0,6,0,3,0,3
Commons Math,org.apache.commons.math.geometry.partitioning,Side,0,44,0,0,0,5,0,1,0,1
Commons Math,org.apache.commons.math.geometry.partitioning,AbstractRegion.Sides,0,23,0,0,0,10,0,5,0,5
Commons Math,org.apache.commons.math.geometry.partitioning,BSPTree,80,723,14,63,23,164,13,50,0,21
Commons Math,org.apache.commons.math.fraction,FractionField.LazyHolder,0,6,0,0,0,1,0,1,0,1
Commons Math,org.apache.commons.math.fraction,AbstractFormat,21,102,3,9,5,33,5,14,2,11
Commons Math,org.apache.commons.math.fraction,BigFractionField,0,10,0,0,0,5,0,5,0,5
Commons Math,org.apache.commons.math.fraction,FractionConversionException,0,37,0,0,0,4,0,2,0,2
Commons Math,org.apache.commons.math.fraction,Fraction,26,887,7,87,5,177,7,72,0,32
Commons Math,org.apache.commons.math.fraction,ProperBigFractionFormat,29,199,4,23,9,58,5,16,1,6
Commons Math,org.apache.commons.math.fraction,FractionField,0,10,0,0,0,5,0,5,0,5
Commons Math,org.apache.commons.math.fraction,BigFractionField.LazyHolder,0,6,0,0,0,1,0,1,0,1
Commons Math,org.apache.commons.math.fraction,ProperFractionFormat,31,191,4,15,9,54,5,12,1,6
Commons Math,org.apache.commons.math.fraction,BigFraction,67,1043,8,84,13,214,9,92,3,52
Commons Math,org.apache.commons.math.fraction,BigFractionFormat,33,209,2,19,8,54,7,18,5,9
Commons Math,org.apache.commons.math.fraction,FractionFormat,25,172,1,12,8,43,7,14,6,8
Commons Math,org.apache.commons.math.stat.descriptive.summary,Product,6,130,2,6,3,34,3,12,1,10
Commons Math,org.apache.commons.math.stat.descriptive.summary,SumOfSquares,6,95,1,3,3,27,2,9,1,8
Commons Math,org.apache.commons.math.stat.descriptive.summary,SumOfLogs,6,92,1,3,3,27,2,9,1,8
Commons Math,org.apache.commons.math.stat.descriptive.summary,Sum,14,122,2,6,4,33,4,11,2,9
Commons Math,org.apache.commons.math.analysis.function,Log10,5,10,0,0,1,3,1,3,1,3
Commons Math,org.apache.commons.math.analysis.function,Floor,0,6,0,0,0,2,0,2,0,2
Commons Math,org.apache.commons.math.analysis.function,Acos,5,6,0,0,1,2,1,2,1,2
Commons Math,org.apache.commons.math.analysis.function,Acosh,11,0,0,0,3,0,3,0,3,0
Commons Math,org.apache.commons.math.analysis.function,HarmonicOscillator.Parametric,0,88,0,4,0,17,0,6,0,4
Commons Math,org.apache.commons.math.analysis.function,Minus,0,11,0,0,0,3,0,3,0,3
Commons Math,org.apache.commons.math.analysis.function,Expm1,5,6,0,0,1,2,1,2,1,2
Commons Math,org.apache.commons.math.analysis.function,Exp,5,6,0,0,1,2,1,2,1,2
Commons Math,org.apache.commons.math.analysis.function,Log1p,5,6,0,0,1,2,1,2,1,2
Commons Math,org.apache.commons.math.analysis.function,Expm1.new UnivariateFunction() {...},9,0,0,0,2,0,2,0,2,0
Commons Math,org.apache.commons.math.analysis.function,Pow,0,7,0,0,0,2,0,2,0,2
Commons Math,org.apache.commons.math.analysis.function,Min,0,7,0,0,0,2,0,2,0,2
Commons Math,org.apache.commons.math.analysis.function,Ceil,0,6,0,0,0,2,0,2,0,2
Commons Math,org.apache.commons.math.analysis.function,Logit.Parametric,30,33,0,4,4,8,1,5,1,3
Commons Math,org.apache.commons.math.analysis.function,Sqrt,0,11,0,0,0,3,0,3,0,3
Commons Math,org.apache.commons.math.analysis.function,Exp.new UnivariateFunction() {...},9,0,0,0,2,0,2,0,2,0
Commons Math,org.apache.commons.math.analysis.function,Inverse,0,12,0,0,0,3,0,3,0,3
Commons Math,org.apache.commons.math.analysis.function,Subtract,7,0,0,0,2,0,2,0,2,0
Commons Math,org.apache.commons.math.analysis.function,Power,0,16,0,0,0,5,0,3,0,3
Commons Math,org.apache.commons.math.analysis.function,Atanh,11,0,0,0,3,0,3,0,3,0
Commons Math,org.apache.commons.math.analysis.function,Sin,0,10,0,0,0,3,0,3,0,3
Commons Math,org.apache.commons.math.analysis.function,Logistic.new UnivariateFunction() {...},2,46,1,1,1,5,1,2,0,2
Commons Math,org.apache.commons.math.analysis.function,Sinc.new UnivariateFunction() {...},0,13,0,0,0,3,0,2,0,2
Commons Math,org.apache.commons.math.analysis.function,Sinc.new UnivariateFunction() {...},0,9,0,0,0,2,0,2,0,2
Commons Math,org.apache.commons.math.analysis.function,Divide,0,7,0,0,0,2,0,2,0,2
Commons Math,org.apache.commons.math.analysis.function,Logit,5,48,0,4,2,9,1,6,1,4
Commons Math,org.apache.commons.math.analysis.function,Logistic.Parametric,27,156,0,6,2,25,1,6,1,3
Commons Math,org.apache.commons.math.analysis.function,Sinc,0,65,0,8,0,16,0,10,0,6
Commons Math,org.apache.commons.math.analysis.function,Atan2,7,0,0,0,2,0,2,0,2,0
Commons Math,org.apache.commons.math.analysis.function,Sinh,4,6,0,0,1,2,1,2,1,2
Commons Math,org.apache.commons.math.analysis.function,Logistic,0,71,0,2,0,13,0,5,0,4
Commons Math,org.apache.commons.math.analysis.function,Sigmoid.new UnivariateFunction() {...},0,33,0,2,0,6,0,3,0,2
Commons Math,org.apache.commons.math.analysis.function,Cbrt,5,6,0,0,1,2,1,2,1,2
Commons Math,org.apache.commons.math.analysis.function,Cos.new UnivariateFunction() {...},0,10,0,0,0,2,0,2,0,2
Commons Math,org.apache.commons.math.analysis.function,Inverse.new UnivariateFunction() {...},0,12,0,0,0,2,0,2,0,2
Commons Math,org.apache.commons.math.analysis.function,Max,0,7,0,0,0,2,0,2,0,2
Commons Math,org.apache.commons.math.analysis.function,Cbrt.new UnivariateFunction() {...},15,0,0,0,2,0,2,0,2,0
Commons Math,org.apache.commons.math.analysis.function,Gaussian,0,69,0,2,0,14,0,7,0,6
Commons Math,org.apache.commons.math.analysis.function,Cos,0,11,0,0,0,3,0,3,0,3
Commons Math,org.apache.commons.math.analysis.function,Tan.new UnivariateFunction() {...},15,0,0,0,3,0,2,0,2,0
Commons Math,org.apache.commons.math.analysis.function,Rint,0,6,0,0,0,2,0,2,0,2
Commons Math,org.apache.commons.math.analysis.function,Sigmoid,0,38,0,0,0,9,0,5,0,5
Commons Math,org.apache.commons.math.analysis.function,HarmonicOscillator.new UnivariateFunction() {...},0,26,0,0,0,2,0,2,0,2
Commons Math,org.apache.commons.math.analysis.function,Sqrt.new UnivariateFunction() {...},0,13,0,0,0,2,0,2,0,2
Commons Math,org.apache.commons.math.analysis.function,Signum,0,6,0,0,0,2,0,2,0,2
Commons Math,org.apache.commons.math.analysis.function,Sigmoid.Parametric,0,57,0,4,0,11,0,6,0,4
Commons Math,org.apache.commons.math.analysis.function,Atan,5,6,0,0,1,2,1,2,1,2
Commons Math,org.apache.commons.math.analysis.function,Identity,0,10,0,0,0,3,0,3,0,3
Commons Math,org.apache.commons.math.analysis.function,Cosh,0,10,0,0,0,3,0,3,0,3
Commons Math,org.apache.commons.math.analysis.function,HarmonicOscillator,0,33,0,0,0,8,0,4,0,4
Commons Math,org.apache.commons.math.analysis.function,Gaussian.Parametric,0,124,0,6,0,21,0,7,0,4
Commons Math,org.apache.commons.math.analysis.function,Log.new UnivariateFunction() {...},0,10,0,0,0,2,0,2,0,2
Commons Math,org.apache.commons.math.analysis.function,StepFunction,0,78,0,14,0,19,0,9,0,2
Commons Math,org.apache.commons.math.analysis.function,Abs,0,6,0,0,0,2,0,2,0,2
Commons Math,org.apache.commons.math.analysis.function,Acosh.new UnivariateFunction() {...},15,0,0,0,2,0,2,0,2,0
Commons Math,org.apache.commons.math.analysis.function,Add,0,7,0,0,0,2,0,2,0,2
Commons Math,org.apache.commons.math.analysis.function,Asinh.new UnivariateFunction() {...},15,0,0,0,2,0,2,0,2,0
Commons Math,org.apache.commons.math.analysis.function,Ulp,0,6,0,0,0,2,0,2,0,2
Commons Math,org.apache.commons.math.analysis.function,Atanh.new UnivariateFunction() {...},14,0,0,0,2,0,2,0,2,0
Commons Math,org.apache.commons.math.analysis.function,Atan.new UnivariateFunction() {...},14,0,0,0,2,0,2,0,2,0
Commons Math,org.apache.commons.math.analysis.function,Power.new UnivariateFunction() {...},0,18,0,0,0,2,0,2,0,2
Commons Math,org.apache.commons.math.analysis.function,Tanh.new UnivariateFunction() {...},15,0,0,0,3,0,2,0,2,0
Commons Math,org.apache.commons.math.analysis.function,Logit.new UnivariateFunction() {...},0,26,0,0,0,2,0,2,0,2
Commons Math,org.apache.commons.math.analysis.function,Tanh,5,6,0,0,1,2,1,2,1,2
Commons Math,org.apache.commons.math.analysis.function,Asinh,11,0,0,0,3,0,3,0,3,0
Commons Math,org.apache.commons.math.analysis.function,Log10.new UnivariateFunction() {...},12,0,0,0,2,0,2,0,2,0
Commons Math,org.apache.commons.math.analysis.function,Constant,0,14,0,0,0,5,0,3,0,3
Commons Math,org.apache.commons.math.analysis.function,Log,0,11,0,0,0,3,0,3,0,3
Commons Math,org.apache.commons.math.analysis.function,Asin,5,6,0,0,1,2,1,2,1,2
Commons Math,org.apache.commons.math.analysis.function,Acos.new UnivariateFunction() {...},15,0,0,0,2,0,2,0,2,0
Commons Math,org.apache.commons.math.analysis.function,Asin.new UnivariateFunction() {...},15,0,0,0,2,0,2,0,2,0
Commons Math,org.apache.commons.math.analysis.function,Multiply,0,7,0,0,0,2,0,2,0,2
Commons Math,org.apache.commons.math.analysis.function,Gaussian.new UnivariateFunction() {...},0,37,0,2,0,6,0,3,0,2
Commons Math,org.apache.commons.math.analysis.function,Log1p.new UnivariateFunction() {...},12,0,0,0,2,0,2,0,2,0
Commons Math,org.apache.commons.math.analysis.function,Tan,5,6,0,0,1,2,1,2,1,2
Commons Math,org.apache.commons.math.complex,ComplexField.LazyHolder,0,6,0,0,0,1,0,1,0,1
Commons Math,org.apache.commons.math.complex,ComplexFormat,112,282,13,21,28,71,16,22,5,15
Commons Math,org.apache.commons.math.complex,ComplexUtils,0,28,0,2,0,4,0,2,0,1
Commons Math,org.apache.commons.math.complex,ComplexField,2,8,0,0,1,4,1,4,1,4
Commons Math,org.apache.commons.math.complex,Complex,61,1051,17,141,14,205,18,106,4,41
Commons Math,org.apache.commons.math.linear,ConjugateGradient,18,200,3,15,7,53,5,8,2,2
Commons Math,org.apache.commons.math.linear,NonSquareMatrixException,0,6,0,0,0,2,0,1,0,1
Commons Math,org.apache.commons.math.linear,LUDecomposition.Solver,0,335,0,38,0,55,0,24,0,5
Commons Math,org.apache.commons.math.linear,IllConditionedOperatorException,11,0,0,0,2,0,1,0,1,0
Commons Math,org.apache.commons.math.linear,AbstractRealMatrix,219,1739,22,178,36,339,20,133,5,48
Commons Math,org.apache.commons.math.linear,Array2DRowRealMatrix,43,994,6,90,8,185,7,72,1,30
Commons Math,org.apache.commons.math.linear,RealVector,75,609,22,64,20,136,23,59,5,34
Commons Math,org.apache.commons.math.linear,SparseRealVector,0,3,0,0,0,1,0,1,0,1
Commons Math,org.apache.commons.math.linear,NonPositiveDefiniteMatrixException,9,37,0,0,3,7,3,1,3,1
Commons Math,org.apache.commons.math.linear,SingularValueDecomposition,145,1861,20,164,20,258,19,87,1,12
Commons Math,org.apache.commons.math.linear,MatrixUtils.FractionMatrixConverter,0,26,0,0,0,7,0,4,0,4
Commons Math,org.apache.commons.math.linear,InvertibleRealLinearOperator,0,3,0,0,0,1,0,1,0,1
Commons Math,org.apache.commons.math.linear,OpenMapRealVector.OpenMapEntry,0,28,0,0,0,7,0,4,0,4
Commons Math,org.apache.commons.math.linear,RealVector.2.new Iterator() {...},4,31,0,0,1,5,1,3,1,3
Commons Math,org.apache.commons.math.linear,RealVector.2.new Iterator() {...},4,31,0,0,1,5,1,3,1,3
Commons Math,org.apache.commons.math.linear,IterativeLinearSolverEvent,0,4,0,0,0,2,0,1,0,1
Commons Math,org.apache.commons.math.linear,MatrixUtils,264,812,35,97,46,173,30,66,2,28
Commons Math,org.apache.commons.math.linear,RealLinearOperator,0,3,0,0,0,1,0,1,0,1
Commons Math,org.apache.commons.math.linear,BlockFieldMatrix,505,3763,34,230,97,634,22,162,2,50
Commons Math,org.apache.commons.math.linear,SymmLQ.new IterativeLinearSolverEvent() {...},19,13,0,0,5,1,2,1,2,1
Commons Math,org.apache.commons.math.linear,SingularMatrixException,0,6,0,0,0,2,0,1,0,1
Commons Math,org.apache.commons.math.linear,RealVector.new Iterator() {...},4,41,0,2,1,6,1,4,1,3
Commons Math,org.apache.commons.math.linear,RealVector.new RealVector() {...},0,214,0,0,0,46,0,44,0,44
Commons Math,org.apache.commons.math.linear,IterativeLinearSolver,34,58,0,6,10,17,3,6,3,3
Commons Math,org.apache.commons.math.linear,EigenDecomposition,75,864,13,77,15,147,13,47,3,12
Commons Math,org.apache.commons.math.linear,SparseFieldMatrix,142,114,8,2,29,24,8,10,4,9
Commons Math,org.apache.commons.math.linear,ArrayRealVector,46,1665,7,141,10,339,7,129,0,62
Commons Math,org.apache.commons.math.linear,ArrayFieldVector,326,1336,34,86,64,242,30,92,4,58
Commons Math,org.apache.commons.math.linear,SingularOperatorException,6,0,0,0,2,0,1,0,1,0
Commons Math,org.apache.commons.math.linear,PreconditionedIterativeLinearSolver,14,87,0,6,4,21,2,9,2,6
Commons Math,org.apache.commons.math.linear,OpenMapRealMatrix,76,375,4,20,18,82,4,24,2,14
Commons Math,org.apache.commons.math.linear,OpenMapRealVector,46,1164,9,123,15,287,12,104,3,47
Commons Math,org.apache.commons.math.linear,PivotingQRDecomposition,48,608,5,57,6,100,7,36,3,9
Commons Math,org.apache.commons.math.linear,MatrixUtils.BigFractionMatrixConverter,0,26,0,0,0,7,0,4,0,4
Commons Math,org.apache.commons.math.linear,AbstractRealMatrix.new RealMatrixPreservingVisitor() {...},0,23,0,0,0,6,0,4,0,4
Commons Math,org.apache.commons.math.linear,AbstractRealMatrix.new RealMatrixPreservingVisitor() {...},0,44,0,2,0,11,0,5,0,4
Commons Math,org.apache.commons.math.linear,NonPositiveDefiniteOperatorException,0,6,0,0,0,2,0,1,0,1
Commons Math,org.apache.commons.math.linear,AbstractRealMatrix.new DefaultRealMatrixPreservingVisitor() {...},0,16,0,0,0,3,0,2,0,2
Commons Math,org.apache.commons.math.linear,AbstractRealMatrix.new DefaultRealMatrixPreservingVisitor() {...},0,30,0,0,0,6,0,3,0,3
Commons Math,org.apache.commons.math.linear,LUDecomposition,0,440,0,54,0,85,0,35,0,8
Commons Math,org.apache.commons.math.linear,AbstractRealMatrix.new DefaultRealMatrixChangingVisitor() {...},0,24,0,0,0,2,0,2,0,2
Commons Math,org.apache.commons.math.linear,DefaultRealMatrixChangingVisitor,2,6,0,0,1,3,1,3,1,3
Commons Math,org.apache.commons.math.linear,DefaultFieldMatrixPreservingVisitor,1,10,0,0,1,5,1,3,1,3
Commons Math,org.apache.commons.math.linear,NonSymmetricMatrixException,9,30,0,0,3,5,3,1,3,1
Commons Math,org.apache.commons.math.linear,RealVector.SparseEntryIterator,9,84,2,12,3,19,3,9,1,4
Commons Math,org.apache.commons.math.linear,AbstractFieldMatrix,308,1989,39,207,52,386,32,153,4,58
Commons Math,org.apache.commons.math.linear,QRDecomposition.Solver,7,492,0,44,1,82,1,26,1,4
Commons Math,org.apache.commons.math.linear,BiDiagonalTransformer,13,987,7,103,3,155,10,55,3,7
Commons Math,org.apache.commons.math.linear,AbstractFieldMatrix.new DefaultFieldMatrixPreservingVisitor() {...},0,31,0,0,0,6,0,3,0,3
Commons Math,org.apache.commons.math.linear,AbstractFieldMatrix.new DefaultFieldMatrixChangingVisitor() {...},0,25,0,0,0,2,0,2,0,2
Commons Math,org.apache.commons.math.linear,AbstractFieldMatrix.new DefaultFieldMatrixPreservingVisitor() {...},0,17,0,0,0,3,0,2,0,2
Commons Math,org.apache.commons.math.linear,SymmLQ.State,72,763,14,38,14,127,12,19,0,5
Commons Math,org.apache.commons.math.linear,NonSelfAdjointOperatorException,0,6,0,0,0,2,0,1,0,1
Commons Math,org.apache.commons.math.linear,ConjugateGradient.new ConjugateGradient.ConjugateGradientEvent() {...},4,24,0,0,1,3,1,3,1,3
Commons Math,org.apache.commons.math.linear,RealVector.Entry,0,29,0,0,0,9,0,5,0,5
Commons Math,org.apache.commons.math.linear,MatrixDimensionMismatchException,0,44,0,0,0,8,0,5,0,5
Commons Math,org.apache.commons.math.linear,RectangularCholeskyDecomposition,26,279,2,26,2,50,2,15,0,3
Commons Math,org.apache.commons.math.linear,DefaultFieldMatrixChangingVisitor,2,10,0,0,1,5,1,3,1,3
Commons Math,org.apache.commons.math.linear,NonSquareOperatorException,0,6,0,0,0,2,0,1,0,1
Commons Math,org.apache.commons.math.linear,BlockRealMatrix,194,4078,14,264,38,690,11,182,1,53
Commons Math,org.apache.commons.math.linear,EigenDecomposition.Solver,8,300,3,33,2,55,3,20,0,5
Commons Math,org.apache.commons.math.linear,TriDiagonalTransformer,3,568,0,46,1,88,1,30,1,7
Commons Math,org.apache.commons.math.linear,SingularValueDecomposition.Solver,6,70,0,6,2,14,2,6,2,3
Commons Math,org.apache.commons.math.linear,FieldLUDecomposition,11,472,2,52,0,82,2,32,0,7
Commons Math,org.apache.commons.math.linear,OpenMapRealVector.OpenMapSparseIterator,5,29,0,0,1,7,1,3,1,3
Commons Math,org.apache.commons.math.linear,PivotingQRDecomposition.Solver,8,533,1,45,1,82,2,26,1,4
Commons Math,org.apache.commons.math.linear,CholeskyDecomposition,0,229,0,22,0,45,0,17,0,6
Commons Math,org.apache.commons.math.linear,RealVector.2.UnmodifiableEntry,0,18,0,0,0,3,0,3,0,3
Commons Math,org.apache.commons.math.linear,CholeskyDecomposition.Solver,2,291,0,28,1,47,1,18,1,4
Commons Math,org.apache.commons.math.linear,SymmLQ,56,303,2,14,13,69,7,19,5,13
Commons Math,org.apache.commons.math.linear,Array2DRowFieldMatrix,116,982,9,83,23,176,13,67,5,29
Commons Math,org.apache.commons.math.linear,DefaultRealMatrixPreservingVisitor,1,6,0,0,1,3,1,3,1,3
Commons Math,org.apache.commons.math.linear,RealVectorFormat,18,227,0,22,7,58,5,21,5,10
Commons Math,org.apache.commons.math.linear,JacobiPreconditioner,12,87,1,7,2,20,2,8,1,5
Commons Math,org.apache.commons.math.linear,ConjugateGradient.ConjugateGradientEvent,0,4,0,0,0,2,0,1,0,1
Commons Math,org.apache.commons.math.linear,QRDecomposition,0,423,0,42,0,70,0,27,0,6
Commons Math,org.apache.commons.math.linear,SparseFieldVector,304,729,34,58,68,171,37,54,12,33
Commons Math,org.apache.commons.math.linear,SingularValueDecomposition.new DefaultRealMatrixPreservingVisitor() {...},0,23,0,0,0,3,0,2,0,2
Commons Math,org.apache.commons.math.linear,FieldLUDecomposition.Solver,11,530,2,52,2,79,2,31,0,6
Commons Math,org.apache.commons.math.stat.descriptive.rank,Median,4,4,0,0,2,2,1,1,1,1
Commons Math,org.apache.commons.math.stat.descriptive.rank,Percentile,64,488,8,60,16,109,10,41,3,14
Commons Math,org.apache.commons.math.stat.descriptive.rank,Min,6,107,0,12,3,29,1,14,1,8
Commons Math,org.apache.commons.math.stat.descriptive.rank,Max,6,107,0,12,3,29,1,14,1,8
Commons Math,org.apache.commons.math.geometry.euclidean.oned,OrientedPoint,15,48,2,4,4,10,4,8,3,6
Commons Math,org.apache.commons.math.geometry.euclidean.oned,Euclidean1D.LazyHolder,6,0,0,0,1,0,1,0,1,0
Commons Math,org.apache.commons.math.geometry.euclidean.oned,Vector1D,311,35,16,0,64,9,39,3,31,3
Commons Math,org.apache.commons.math.geometry.euclidean.oned,Vector1DFormat,92,0,4,0,23,0,11,0,9,0
Commons Math,org.apache.commons.math.geometry.euclidean.oned,SubOrientedPoint,2,55,0,6,1,9,1,7,1,4
Commons Math,org.apache.commons.math.geometry.euclidean.oned,Euclidean1D,18,0,0,0,4,0,4,0,4,0
Commons Math,org.apache.commons.math.geometry.euclidean.oned,IntervalsSet,32,332,9,35,5,62,8,25,1,10
Commons Math,org.apache.commons.math.geometry.euclidean.oned,Interval,0,29,0,0,0,8,0,5,0,5
Commons Math,org.apache.commons.math.analysis.solvers,RegulaFalsiSolver,18,5,0,0,6,2,3,1,3,1
Commons Math,org.apache.commons.math.analysis.solvers,MullerSolver2,19,238,5,15,6,49,6,8,1,3
Commons Math,org.apache.commons.math.analysis.solvers,IllinoisSolver,18,5,0,0,6,2,3,1,3,1
Commons Math,org.apache.commons.math.analysis.solvers,BaseAbstractUnivariateRealSolver,4,150,0,0,1,44,1,21,1,21
Commons Math,org.apache.commons.math.analysis.solvers,BaseSecantSolver,12,262,3,45,3,65,3,33,0,7
Commons Math,org.apache.commons.math.analysis.solvers,AbstractDifferentiableUnivariateRealSolver,6,23,0,0,2,7,1,3,1,3
Commons Math,org.apache.commons.math.analysis.solvers,AllowedSolution,0,54,0,0,0,6,0,1,0,1
Commons Math,org.apache.commons.math.analysis.solvers,LaguerreSolver.ComplexSolver,139,223,18,12,25,49,13,6,1,3
Commons Math,org.apache.commons.math.analysis.solvers,BrentSolver,6,344,1,39,2,83,2,24,1,5
Commons Math,org.apache.commons.math.analysis.solvers,NewtonSolver,0,46,0,2,0,12,0,5,0,4
Commons Math,org.apache.commons.math.analysis.solvers,AbstractUnivariateRealSolver,0,15,0,0,0,6,0,3,0,3
Commons Math,org.apache.commons.math.analysis.solvers,UnivariateRealSolverUtils,153,287,21,41,30,56,15,27,0,11
Commons Math,org.apache.commons.math.analysis.solvers,BisectionSolver,5,57,0,4,2,17,1,5,1,3
Commons Math,org.apache.commons.math.analysis.solvers,MullerSolver,11,320,5,31,5,59,6,17,1,4
Commons Math,org.apache.commons.math.analysis.solvers,SecantSolver,11,93,1,9,5,26,3,6,2,2
Commons Math,org.apache.commons.math.analysis.solvers,PegasusSolver,5,18,0,0,2,6,1,3,1,3
Commons Math,org.apache.commons.math.analysis.solvers,BracketingNthOrderBrentSolver,5,662,1,65,1,131,1,43,0,9
Commons Math,org.apache.commons.math.analysis.solvers,BaseSecantSolver.Method,0,34,0,0,0,4,0,1,0,1
Commons Math,org.apache.commons.math.analysis.solvers,RiddersSolver,13,166,4,12,6,46,5,7,1,3
Commons Math,org.apache.commons.math.analysis.solvers,AbstractPolynomialSolver,11,19,0,0,4,6,2,3,2,3
Commons Math,org.apache.commons.math.analysis.solvers,LaguerreSolver,64,144,8,10,14,29,8,7,2,4
Commons Math,org.apache.commons.math.stat.descriptive,AggregateSummaryStatistics.AggregatingSummaryStatistics,36,22,8,0,8,8,6,2,2,2
Commons Math,org.apache.commons.math.stat.descriptive,MultivariateSummaryStatistics,0,740,8,36,0,145,8,50,0,36
Commons Math,org.apache.commons.math.stat.descriptive,DescriptiveStatistics,142,686,3,19,18,138,4,57,2,48
Commons Math,org.apache.commons.math.stat.descriptive,SummaryStatistics,176,751,18,40,38,154,23,45,5,34
Commons Math,org.apache.commons.math.stat.descriptive,StatisticalSummaryValues,0,225,5,11,0,45,5,14,0,11
Commons Math,org.apache.commons.math.stat.descriptive,AbstractStorelessUnivariateStatistic,7,111,2,16,1,24,2,14,0,7
Commons Math,org.apache.commons.math.stat.descriptive,SynchronizedDescriptiveStatistics,6,73,0,0,3,28,1,14,1,14
Commons Math,org.apache.commons.math.stat.descriptive,AggregateSummaryStatistics,75,259,9,15,14,57,14,15,5,12
Commons Math,org.apache.commons.math.stat.descriptive,AbstractUnivariateStatistic,68,182,7,27,8,34,9,19,3,8
Commons Math,org.apache.commons.math.stat.descriptive,SynchronizedSummaryStatistics,75,71,0,0,30,28,14,22,14,22
Commons Math,org.apache.commons.math.stat.descriptive,SynchronizedMultivariateSummaryStatistics,0,104,0,0,0,41,0,31,0,31
Commons Math,org.apache.commons.math.analysis,FunctionUtils.new UnivariateFunction() {...},0,16,0,0,0,2,0,2,0,2
Commons Math,org.apache.commons.math.analysis,FunctionUtils,0,63,0,0,0,11,0,11,0,11
Commons Math,org.apache.commons.math.analysis,FunctionUtils.4.new UnivariateFunction() {...},0,38,0,2,0,5,0,3,0,2
Commons Math,org.apache.commons.math.analysis,FunctionUtils.6.new UnivariateFunction() {...},0,56,0,6,0,9,0,5,0,2
Commons Math,org.apache.commons.math.analysis,FunctionUtils.new UnivariateFunction() {...},0,33,0,2,0,5,0,3,0,2
Commons Math,org.apache.commons.math.analysis,FunctionUtils.new DifferentiableUnivariateFunction() {...},27,11,2,0,4,2,2,2,1,2
Commons Math,org.apache.commons.math.analysis,FunctionUtils.new UnivariateFunction() {...},0,24,0,0,0,2,0,2,0,2
Commons Math,org.apache.commons.math.analysis,FunctionUtils.2.new UnivariateFunction() {...},0,42,0,2,0,7,0,3,0,2
Commons Math,org.apache.commons.math.analysis,FunctionUtils.new DifferentiableUnivariateFunction() {...},27,11,2,0,4,2,2,2,1,2
Commons Math,org.apache.commons.math.analysis,FunctionUtils.new UnivariateFunction() {...},0,16,0,0,0,2,0,2,0,2
Commons Math,org.apache.commons.math.analysis,FunctionUtils.new MultivariateFunction() {...},0,45,0,2,0,5,0,3,0,2
Commons Math,org.apache.commons.math.analysis,FunctionUtils.new UnivariateFunction() {...},0,27,0,2,0,5,0,3,0,2
Commons Math,org.apache.commons.math.analysis,FunctionUtils.new UnivariateFunction() {...},0,33,0,2,0,5,0,3,0,2
Commons Math,org.apache.commons.math.analysis,FunctionUtils.new DifferentiableUnivariateFunction() {...},0,32,0,2,0,6,0,4,0,3
Commons Math,org.apache.commons.math.stat.descriptive.moment,GeometricMean,22,91,1,3,6,29,3,12,2,11
Commons Math,org.apache.commons.math.stat.descriptive.moment,ThirdMoment,0,109,0,2,0,29,0,8,0,7
Commons Math,org.apache.commons.math.stat.descriptive.moment,FourthMoment,6,107,0,2,3,26,1,7,1,6
Commons Math,org.apache.commons.math.stat.descriptive.moment,SemiVariance.Direction,0,37,0,0,0,7,0,3,0,3
Commons Math,org.apache.commons.math.stat.descriptive.moment,VectorialMean,22,103,4,12,7,20,5,9,1,5
Commons Math,org.apache.commons.math.stat.descriptive.moment,VectorialCovariance,60,214,9,19,13,39,9,12,1,6
Commons Math,org.apache.commons.math.stat.descriptive.moment,SecondMoment,8,67,0,2,3,20,1,7,1,6
Commons Math,org.apache.commons.math.stat.descriptive.moment,SemiVariance,91,158,0,14,23,35,9,16,9,9
Commons Math,org.apache.commons.math.stat.descriptive.moment,FirstMoment,6,106,0,2,3,32,1,8,1,7
Commons Math,org.apache.commons.math.stat.descriptive.moment,Mean,8,181,3,9,4,43,4,14,1,11
Commons Math,org.apache.commons.math.stat.descriptive.moment,Kurtosis,16,247,3,13,5,48,4,14,1,9
Commons Math,org.apache.commons.math.stat.descriptive.moment,StandardDeviation,41,96,0,0,9,28,5,12,5,12
Commons Math,org.apache.commons.math.stat.descriptive.moment,Variance,53,435,14,32,10,101,17,27,3,18
Commons Math,org.apache.commons.math.stat.descriptive.moment,Skewness,9,237,2,14,3,52,3,15,1,9
Commons Math,org.apache.commons.math.optimization,LeastSquaresConverter,25,175,3,15,3,35,3,10,0,4
Commons Math,org.apache.commons.math.optimization,MultiStartDifferentiableMultivariateVectorialOptimizer,0,6,0,0,0,2,0,1,0,1
Commons Math,org.apache.commons.math.optimization,MultiStartDifferentiableMultivariateRealOptimizer,0,6,0,0,0,2,0,1,0,1
Commons Math,org.apache.commons.math.optimization,SimpleScalarValueChecker,0,41,0,4,0,9,0,5,0,3
Commons Math,org.apache.commons.math.optimization,SimpleRealPointChecker,3,54,1,5,1,11,2,4,1,2
Commons Math,org.apache.commons.math.optimization,BaseMultiStartMultivariateVectorialOptimizer.new Comparator() {...},3,64,2,6,1,11,2,5,0,3
Commons Math,org.apache.commons.math.optimization,GoalType,0,24,0,0,0,3,0,1,0,1
Commons Math,org.apache.commons.math.optimization,SimpleVectorialPointChecker,57,0,6,0,14,0,6,0,3,0
Commons Math,org.apache.commons.math.optimization,MultiStartMultivariateRealOptimizer,0,6,0,0,0,2,0,1,0,1
Commons Math,org.apache.commons.math.optimization,RealPointValuePair,12,38,5,3,1,12,4,5,0,5
Commons Math,org.apache.commons.math.optimization,BaseMultiStartMultivariateRealOptimizer.new Comparator() {...},11,28,5,3,2,7,4,2,0,2
Commons Math,org.apache.commons.math.optimization,BaseMultiStartMultivariateRealOptimizer,31,105,5,9,8,25,6,8,1,6
Commons Math,org.apache.commons.math.optimization,VectorialPointValuePair,37,39,12,4,8,8,9,5,1,5
Commons Math,org.apache.commons.math.optimization,SimpleVectorialValueChecker,0,57,0,6,0,14,0,6,0,3
Commons Math,org.apache.commons.math.optimization,AbstractConvergenceChecker,0,24,0,0,0,10,0,4,0,4
Commons Math,org.apache.commons.math.optimization,BaseMultiStartMultivariateVectorialOptimizer,21,125,3,11,5,30,4,10,1,6
Commons Math,org.apache.commons.math.stat.correlation,PearsonsCorrelation,15,382,3,27,2,75,3,25,0,13
Commons Math,org.apache.commons.math.stat.correlation,StorelessCovariance,73,147,5,13,11,30,7,12,4,6
Commons Math,org.apache.commons.math.stat.correlation,Covariance,37,230,3,13,7,46,6,16,3,11
Commons Math,org.apache.commons.math.stat.correlation,SpearmansCorrelation,20,121,1,5,3,27,2,10,1,8
Commons Math,org.apache.commons.math.stat.correlation,StorelessBivariateCovariance,27,124,2,2,4,22,3,4,1,4
Commons Math,org.apache.commons.math.ode.events,EventHandler.Action,0,44,0,0,0,5,0,1,0,1
Commons Math,org.apache.commons.math.ode.events,EventState,51,450,11,47,8,92,13,27,3,8
Commons Math,org.apache.commons.math.ode.events,EventState.new UnivariateFunction() {...},0,22,0,0,0,3,0,2,0,2
Commons Math,org.apache.commons.math.analysis.interpolation,SplineInterpolator,0,330,0,12,0,38,0,8,0,2
Commons Math,org.apache.commons.math.analysis.interpolation,TricubicSplineInterpolatingFunction,68,17988,10,70,6,97,10,35,0,5
Commons Math,org.apache.commons.math.analysis.interpolation,LoessInterpolator,33,544,4,48,6,110,6,30,2,8
Commons Math,org.apache.commons.math.analysis.interpolation,MicrosphereInterpolatingFunction.MicrosphereSurfaceElement,0,37,0,2,0,13,0,7,0,6
Commons Math,org.apache.commons.math.analysis.interpolation,BicubicSplineFunction,28,316,9,21,6,50,9,15,0,9
Commons Math,org.apache.commons.math.analysis.interpolation,UnivariateRealPeriodicInterpolator.new UnivariateFunction() {...},0,23,0,0,0,2,0,2,0,2
Commons Math,org.apache.commons.math.analysis.interpolation,SmoothingPolynomialBicubicSplineInterpolator,8,234,3,25,3,39,4,14,1,3
Commons Math,org.apache.commons.math.analysis.interpolation,TricubicSplineInterpolator,4,576,4,50,1,78,4,27,0,4
Commons Math,org.apache.commons.math.analysis.interpolation,NevilleInterpolator,0,9,0,0,0,2,0,2,0,2
Commons Math,org.apache.commons.math.analysis.interpolation,BicubicSplineInterpolator,4,299,3,31,1,44,3,18,0,4
Commons Math,org.apache.commons.math.analysis.interpolation,UnivariateRealPeriodicInterpolator,0,165,0,6,0,28,0,6,0,3
Commons Math,org.apache.commons.math.analysis.interpolation,BicubicSplineFunction.new BivariateRealFunction() {...},0,67,0,0,0,7,0,2,0,2
Commons Math,org.apache.commons.math.analysis.interpolation,BicubicSplineFunction.new BivariateRealFunction() {...},0,67,0,0,0,7,0,2,0,2
Commons Math,org.apache.commons.math.analysis.interpolation,BicubicSplineFunction.new BivariateRealFunction() {...},0,63,0,0,0,6,0,2,0,2
Commons Math,org.apache.commons.math.analysis.interpolation,BicubicSplineFunction.new BivariateRealFunction() {...},0,63,0,0,0,6,0,2,0,2
Commons Math,org.apache.commons.math.analysis.interpolation,BicubicSplineFunction.new BivariateRealFunction() {...},0,63,0,0,0,6,0,2,0,2
Commons Math,org.apache.commons.math.analysis.interpolation,TricubicSplineFunction,30,202,6,18,3,25,6,8,0,2
Commons Math,org.apache.commons.math.analysis.interpolation,LinearInterpolator,0,108,0,8,0,18,0,6,0,2
Commons Math,org.apache.commons.math.analysis.interpolation,DividedDifferenceInterpolator,0,100,0,4,0,17,0,5,0,3
Commons Math,org.apache.commons.math.analysis.interpolation,BicubicSplineInterpolatingFunction,100,1740,10,42,9,80,12,26,2,10
Commons Math,org.apache.commons.math.analysis.interpolation,MicrosphereInterpolatingFunction,32,220,8,22,6,42,8,10,0,3
Commons Math,org.apache.commons.math.analysis.interpolation,MicrosphereInterpolator,12,37,2,2,2,10,2,3,0,3
Commons Math,org.apache.commons.math.stat.ranking,TiesStrategy,0,54,0,0,0,6,0,1,0,1
Commons Math,org.apache.commons.math.stat.ranking,NaturalRanking.IntDoublePair,0,21,0,0,0,7,0,4,0,4
Commons Math,org.apache.commons.math.stat.ranking,NaNStrategy,0,44,0,0,0,5,0,1,0,1
Commons Math,org.apache.commons.math.stat.ranking,NaturalRanking,29,512,2,51,9,119,5,42,3,14
Commons Math,org.apache.commons.math.geometry.euclidean.twod,Vector2DFormat,100,0,4,0,23,0,11,0,9,0
Commons Math,org.apache.commons.math.geometry.euclidean.twod,PolygonsSet.SegmentsBuilder,4,105,2,10,0,25,2,10,0,6
Commons Math,org.apache.commons.math.geometry.euclidean.twod,Line,86,407,3,13,20,57,7,27,5,21
Commons Math,org.apache.commons.math.geometry.euclidean.twod,Euclidean2D,8,0,0,0,4,0,4,0,4,0
Commons Math,org.apache.commons.math.geometry.euclidean.twod,PolygonsSet,262,365,24,36,40,85,20,19,2,7
Commons Math,org.apache.commons.math.geometry.euclidean.twod,SubLine,0,349,0,32,0,59,0,25,0,9
Commons Math,org.apache.commons.math.geometry.euclidean.twod,NestedLoops,269,0,28,0,59,0,20,0,6,0
Commons Math,org.apache.commons.math.geometry.euclidean.twod,Euclidean2D.LazyHolder,6,0,0,0,1,0,1,0,1,0
Commons Math,org.apache.commons.math.geometry.euclidean.twod,PolygonsSet.ComparableSegment,49,58,7,1,8,8,6,3,2,3
Commons Math,org.apache.commons.math.geometry.euclidean.twod,Line.LineTransform,7,225,1,1,1,30,1,4,0,4
Commons Math,org.apache.commons.math.geometry.euclidean.twod,Vector2D,502,64,26,0,75,14,45,5,32,5
Commons Math,org.apache.commons.math.geometry.euclidean.twod,Segment,0,21,0,0,0,8,0,4,0,4
